[debug] [2024-02-12T11:10:50.871Z] ----------------------------------------------------------------------
[debug] [2024-02-12T11:10:50.873Z] Command:       C:\Program Files\nodejs\node.exe C:\Users\yairs\AppData\Roaming\npm\node_modules\firebase-tools\lib\bin\firebase.js init
[debug] [2024-02-12T11:10:50.874Z] CLI Version:   12.4.8
[debug] [2024-02-12T11:10:50.874Z] Platform:      win32
[debug] [2024-02-12T11:10:50.874Z] Node Version:  v18.9.0
[debug] [2024-02-12T11:10:50.875Z] Time:          Mon Feb 12 2024 13:10:50 GMT+0200 (שעון ישראל (חורף))
[debug] [2024-02-12T11:10:50.875Z] ----------------------------------------------------------------------
[debug] 
[debug] [2024-02-12T11:10:50.952Z] > command requires scopes: ["email","openid","https://www.googleapis.com/auth/cloudplatformprojects.readonly","https://www.googleapis.com/auth/firebase","https://www.googleapis.com/auth/cloud-platform"]
[debug] [2024-02-12T11:10:50.952Z] > authorizing via signed-in user (yairsabag213@gmail.com)
[info] 
     ######## #### ########  ######## ########     ###     ######  ########
     ##        ##  ##     ## ##       ##     ##  ##   ##  ##       ##
     ######    ##  ########  ######   ########  #########  ######  ######
     ##        ##  ##    ##  ##       ##     ## ##     ##       ## ##
     ##       #### ##     ## ######## ########  ##     ##  ######  ########

You're about to initialize a Firebase project in this directory:

  C:\uriel yair sabag codes\cv-app-master

Before we get started, keep in mind:

  * You are currently outside your home directory
  * You are initializing within an existing Firebase project directory

[info] 
=== Project Setup
[info] 
[info] First, let's associate this project directory with a Firebase project.
[info] You can create multiple project aliases by running firebase use --add, 
[info] but for now we'll just set up a default project.
[info] 
[debug] [2024-02-12T11:11:04.377Z] Using project from CLI flag: resumes-builder
[debug] [2024-02-12T11:11:04.380Z] >>> [apiv2][query] GET https://firebase.googleapis.com/v1beta1/projects/resumes-builder [none]
[debug] [2024-02-12T11:11:05.389Z] <<< [apiv2][status] GET https://firebase.googleapis.com/v1beta1/projects/resumes-builder 200
[debug] [2024-02-12T11:11:05.389Z] <<< [apiv2][body] GET https://firebase.googleapis.com/v1beta1/projects/resumes-builder {"projectId":"resumes-builder","projectNumber":"235192135514","displayName":"Resumes-builder","name":"projects/resumes-builder","resources":{"hostingSite":"resumes-builder","realtimeDatabaseInstance":"resumes-builder-default-rtdb","storageBucket":"resumes-builder.appspot.com","locationId":"us-central"},"state":"ACTIVE","etag":"1_0c27f702-7fd9-47f6-a6e8-338b20f9b655"}
[info] i  Using project resumes-builder (Resumes-builder) 
[info] 
=== Firestore Setup
[debug] [2024-02-12T11:11:05.403Z] >>> [apiv2][query] GET https://serviceusage.googleapis.com/v1/projects/resumes-builder/services/firestore.googleapis.com [none]
[debug] [2024-02-12T11:11:05.403Z] >>> [apiv2][(partial)header] GET https://serviceusage.googleapis.com/v1/projects/resumes-builder/services/firestore.googleapis.com x-goog-quota-user=projects/resumes-builder
[debug] [2024-02-12T11:11:06.748Z] <<< [apiv2][status] GET https://serviceusage.googleapis.com/v1/projects/resumes-builder/services/firestore.googleapis.com 200
[debug] [2024-02-12T11:11:06.748Z] <<< [apiv2][body] GET https://serviceusage.googleapis.com/v1/projects/resumes-builder/services/firestore.googleapis.com [omitted]
[debug] [2024-02-12T11:11:06.748Z] >>> [apiv2][query] GET https://firestore.googleapis.com/v1/projects/resumes-builder/databases/(default) [none]
[debug] [2024-02-12T11:11:07.947Z] <<< [apiv2][status] GET https://firestore.googleapis.com/v1/projects/resumes-builder/databases/(default) 200
[debug] [2024-02-12T11:11:07.947Z] <<< [apiv2][body] GET https://firestore.googleapis.com/v1/projects/resumes-builder/databases/(default) {"name":"projects/resumes-builder/databases/(default)","uid":"454ddc39-137a-479e-baf8-ef89a5a4184d","createTime":"2022-11-02T08:16:40.197248Z","updateTime":"2022-11-02T08:16:40.197248Z","locationId":"nam5","type":"FIRESTORE_NATIVE","concurrencyMode":"PESSIMISTIC","versionRetentionPeriod":"3600s","earliestVersionTime":"2024-02-12T10:11:08.053726Z","appEngineIntegrationMode":"ENABLED","keyPrefix":"s","pointInTimeRecoveryEnablement":"POINT_IN_TIME_RECOVERY_DISABLED","deleteProtectionState":"DELETE_PROTECTION_DISABLED","etag":"IMa0gq3VpYQDMIC20L+964MD"}
[debug] [2024-02-12T11:11:07.947Z] database_type: FIRESTORE_NATIVE
[debug] [2024-02-12T11:11:07.948Z] > command requires scopes: ["email","openid","https://www.googleapis.com/auth/cloudplatformprojects.readonly","https://www.googleapis.com/auth/firebase","https://www.googleapis.com/auth/cloud-platform"]
[debug] [2024-02-12T11:11:07.948Z] > authorizing via signed-in user (yairsabag213@gmail.com)
[debug] [2024-02-12T11:11:07.948Z] [iam] checking project resumes-builder for permissions ["firebase.projects.get"]
[debug] [2024-02-12T11:11:07.949Z] >>> [apiv2][query] POST https://cloudresourcemanager.googleapis.com/v1/projects/resumes-builder:testIamPermissions [none]
[debug] [2024-02-12T11:11:07.949Z] >>> [apiv2][(partial)header] POST https://cloudresourcemanager.googleapis.com/v1/projects/resumes-builder:testIamPermissions x-goog-quota-user=projects/resumes-builder
[debug] [2024-02-12T11:11:07.949Z] >>> [apiv2][body] POST https://cloudresourcemanager.googleapis.com/v1/projects/resumes-builder:testIamPermissions {"permissions":["firebase.projects.get"]}
[debug] [2024-02-12T11:11:09.155Z] <<< [apiv2][status] POST https://cloudresourcemanager.googleapis.com/v1/projects/resumes-builder:testIamPermissions 200
[debug] [2024-02-12T11:11:09.155Z] <<< [apiv2][body] POST https://cloudresourcemanager.googleapis.com/v1/projects/resumes-builder:testIamPermissions {"permissions":["firebase.projects.get"]}
[info] 
[info] Firestore Security Rules allow you to define how and when to allow
[info] requests. You can keep these rules in your project directory
[info] and publish them with firebase deploy.
[info] 
[info] 
[info] Firestore indexes allow you to perform complex queries while
[info] maintaining performance that scales with the size of the result
[info] set. You can keep index definitions in your project directory
[info] and publish them with firebase deploy.
[info] 
[info] 
=== Hosting Setup
[info] 
[info] Your public directory is the folder (relative to your project directory) that
[info] will contain Hosting assets to be uploaded with firebase deploy. If you
[info] have a build process for your assets, use your build's output directory.
[info] 
